Determining if the pthread_create exist failed with the following output:
Change Dir: /home/richard/semanticfusion/build/CMakeFiles/CMakeTmp

Run Build Command:"/usr/bin/make" "cmTC_6e04a/fast"
/usr/bin/make -f CMakeFiles/cmTC_6e04a.dir/build.make CMakeFiles/cmTC_6e04a.dir/build
make[1]: Entering directory '/home/richard/semanticfusion/build/CMakeFiles/CMakeTmp'
Building C object CMakeFiles/cmTC_6e04a.dir/CheckSymbolExists.c.o
/usr/bin/cc    -fPIC    -o CMakeFiles/cmTC_6e04a.dir/CheckSymbolExists.c.o   -c /home/richard/semanticfusion/build/CMakeFiles/CMakeTmp/CheckSymbolExists.c
Linking C executable cmTC_6e04a
/usr/bin/cmake -E cmake_link_script CMakeFiles/cmTC_6e04a.dir/link.txt --verbose=1
/usr/bin/cc  -fPIC     CMakeFiles/cmTC_6e04a.dir/CheckSymbolExists.c.o  -o cmTC_6e04a -rdynamic 
CMakeFiles/cmTC_6e04a.dir/CheckSymbolExists.c.o：在函数‘main’中：
CheckSymbolExists.c:(.text+0x1b)：对‘pthread_create’未定义的引用
collect2: error: ld returned 1 exit status
CMakeFiles/cmTC_6e04a.dir/build.make:97: recipe for target 'cmTC_6e04a' failed
make[1]: *** [cmTC_6e04a] Error 1
make[1]: Leaving directory '/home/richard/semanticfusion/build/CMakeFiles/CMakeTmp'
Makefile:126: recipe for target 'cmTC_6e04a/fast' failed
make: *** [cmTC_6e04a/fast] Error 2

File /home/richard/semanticfusion/build/CMakeFiles/CMakeTmp/CheckSymbolExists.c:
/* */
#include <pthread.h>

int main(int argc, char** argv)
{
  (void)argv;
#ifndef pthread_create
  return ((int*)(&pthread_create))[argc];
#else
  (void)argc;
  return 0;
#endif
}

Determining if the function pthread_create exists in the pthreads failed with the following output:
Change Dir: /home/richard/semanticfusion/build/CMakeFiles/CMakeTmp

Run Build Command:"/usr/bin/make" "cmTC_8a74b/fast"
/usr/bin/make -f CMakeFiles/cmTC_8a74b.dir/build.make CMakeFiles/cmTC_8a74b.dir/build
make[1]: Entering directory '/home/richard/semanticfusion/build/CMakeFiles/CMakeTmp'
Building C object CMakeFiles/cmTC_8a74b.dir/CheckFunctionExists.c.o
/usr/bin/cc    -fPIC -DCHECK_FUNCTION_EXISTS=pthread_create   -o CMakeFiles/cmTC_8a74b.dir/CheckFunctionExists.c.o   -c /usr/share/cmake-3.5/Modules/CheckFunctionExists.c
Linking C executable cmTC_8a74b
/usr/bin/cmake -E cmake_link_script CMakeFiles/cmTC_8a74b.dir/link.txt --verbose=1
/usr/bin/cc  -fPIC -DCHECK_FUNCTION_EXISTS=pthread_create    CMakeFiles/cmTC_8a74b.dir/CheckFunctionExists.c.o  -o cmTC_8a74b -rdynamic -lpthreads 
/usr/bin/ld: 找不到 -lpthreads
collect2: error: ld returned 1 exit status
CMakeFiles/cmTC_8a74b.dir/build.make:97: recipe for target 'cmTC_8a74b' failed
make[1]: *** [cmTC_8a74b] Error 1
make[1]: Leaving directory '/home/richard/semanticfusion/build/CMakeFiles/CMakeTmp'
Makefile:126: recipe for target 'cmTC_8a74b/fast' failed
make: *** [cmTC_8a74b/fast] Error 2


